[2026-01-03 00:22:46,734: INFO: main: >>>>>> Stage Data Ingestion Stage started <<<<<<]
[2026-01-03 00:22:46,737: INFO: common: YAML file loaded successfully: config\config.yaml]
[2026-01-03 00:22:46,740: INFO: common: YAML file loaded successfully: params.yaml]
[2026-01-03 00:22:46,741: INFO: common: YAML file loaded successfully: schema.yaml]
[2026-01-03 00:22:46,742: INFO: common: Directory created at: artifacts]
[2026-01-03 00:22:46,742: INFO: common: Directory created at: artifacts\data_ingestion]
[2026-01-03 00:22:48,226: INFO: data_ingestion: artifacts\data_ingestion\data.zip downloaded! with following info: 
Connection: close
Content-Length: 23329
Cache-Control: max-age=300
Content-Security-Policy: default-src 'none'; style-src 'unsafe-inline'; sandbox
Content-Type: application/zip
ETag: "c69888a4ae59bc5a893392785a938ccd4937981c06ba8a9d6a21aa52b4ab5b6e"
Strict-Transport-Security: max-age=31536000
X-Content-Type-Options: nosniff
X-Frame-Options: deny
X-XSS-Protection: 1; mode=block
X-GitHub-Request-Id: 5131:2686B0:15260F9:2B8F06C:69580BCC
Accept-Ranges: bytes
Date: Fri, 02 Jan 2026 18:52:49 GMT
Via: 1.1 varnish
X-Served-By: cache-del21726-DEL
X-Cache: HIT
X-Cache-Hits: 0
X-Timer: S1767379969.433067,VS0,VE240
Vary: Authorization,Accept-Encoding
Access-Control-Allow-Origin: *
Cross-Origin-Resource-Policy: cross-origin
X-Fastly-Request-ID: 44c90485ac68412713d77808b140f5de6dc9aa7b
Expires: Fri, 02 Jan 2026 18:57:49 GMT
Source-Age: 0

]
[2026-01-03 00:22:48,254: INFO: data_ingestion: File extracted to artifacts\data_ingestion]
[2026-01-03 00:22:48,254: INFO: main: >>>>>> Stage Data Ingestion Stage completed <<<<<<

x]
[2026-01-03 00:22:48,255: INFO: main: >>>>>> Stage Data Validation Stage started <<<<<<]
[2026-01-03 00:22:48,257: INFO: common: YAML file loaded successfully: config\config.yaml]
[2026-01-03 00:22:48,258: INFO: common: YAML file loaded successfully: params.yaml]
[2026-01-03 00:22:48,259: INFO: common: YAML file loaded successfully: schema.yaml]
[2026-01-03 00:22:48,260: INFO: common: Directory created at: artifacts]
[2026-01-03 00:22:48,261: INFO: common: Directory created at: artifacts/data_validation]
[2026-01-03 00:22:48,279: INFO: main: >>>>>> Stage Data Validation Stage completed <<<<<<

x]
[2026-01-03 00:22:48,279: INFO: main: >>>>>> Stage Data Transformation stage started <<<<<<]
[2026-01-03 00:22:48,284: INFO: common: YAML file loaded successfully: config\config.yaml]
[2026-01-03 00:22:48,284: INFO: common: YAML file loaded successfully: params.yaml]
[2026-01-03 00:22:48,286: INFO: common: YAML file loaded successfully: schema.yaml]
[2026-01-03 00:22:48,286: INFO: common: Directory created at: artifacts]
[2026-01-03 00:22:48,287: INFO: common: Directory created at: artifacts/data_transformation]
[2026-01-03 00:22:48,306: INFO: data_transformation: Train-test split completed]
[2026-01-03 00:22:48,306: INFO: data_transformation: Train data saved at: artifacts/data_transformation\train.csv | Shape: (1199, 12)]
[2026-01-03 00:22:48,306: INFO: data_transformation: Test data saved at: artifacts/data_transformation\test.csv | Shape: (400, 12)]
[2026-01-03 00:22:48,307: INFO: main: >>>>>> Stage Data Transformation stage completed <<<<<<

x]
[2026-01-03 02:26:20,131: INFO: common: YAML file loaded successfully: config\config.yaml]
[2026-01-03 02:26:20,134: INFO: common: YAML file loaded successfully: params.yaml]
[2026-01-03 02:26:20,137: INFO: common: YAML file loaded successfully: schema.yaml]
[2026-01-03 02:26:20,138: INFO: common: Directory created at: artifacts]
[2026-01-03 02:30:14,675: INFO: common: YAML file loaded successfully: config\config.yaml]
[2026-01-03 02:30:14,677: INFO: common: YAML file loaded successfully: params.yaml]
[2026-01-03 02:30:14,679: INFO: common: YAML file loaded successfully: schema.yaml]
[2026-01-03 02:30:14,681: INFO: common: Directory created at: artifacts]
[2026-01-03 02:33:43,397: INFO: common: YAML file loaded successfully: config\config.yaml]
[2026-01-03 02:33:43,398: INFO: common: YAML file loaded successfully: params.yaml]
[2026-01-03 02:33:43,400: INFO: common: YAML file loaded successfully: schema.yaml]
[2026-01-03 02:33:43,401: INFO: common: Directory created at: artifacts]
[2026-01-03 02:35:59,848: INFO: common: YAML file loaded successfully: config\config.yaml]
[2026-01-03 02:35:59,850: INFO: common: YAML file loaded successfully: params.yaml]
[2026-01-03 02:35:59,852: INFO: common: YAML file loaded successfully: schema.yaml]
[2026-01-03 02:35:59,853: INFO: common: Directory created at: artifacts]
[2026-01-03 02:35:59,854: INFO: common: Directory created at: artifacts/model_trainer]
[2026-01-03 02:53:39,412: INFO: common: YAML file loaded successfully: config\config.yaml]
[2026-01-03 02:53:39,423: INFO: common: YAML file loaded successfully: params.yaml]
[2026-01-03 02:53:39,432: INFO: common: YAML file loaded successfully: schema.yaml]
[2026-01-03 02:53:39,434: INFO: common: Directory created at: artifacts]
[2026-01-03 02:53:39,434: INFO: common: Directory created at: artifacts/model_trainer]
[2026-01-03 13:48:47,138: INFO: main: >>>>>> Stage Data Ingestion Stage started <<<<<<]
[2026-01-03 13:48:47,151: INFO: common: YAML file loaded successfully: config\config.yaml]
[2026-01-03 13:48:47,171: INFO: common: YAML file loaded successfully: params.yaml]
[2026-01-03 13:48:47,186: INFO: common: YAML file loaded successfully: schema.yaml]
[2026-01-03 13:48:47,187: INFO: common: Directory created at: artifacts]
[2026-01-03 13:48:47,187: INFO: common: Directory created at: artifacts\data_ingestion]
[2026-01-03 13:48:49,062: INFO: data_ingestion: artifacts\data_ingestion\data.zip downloaded! with following info: 
Connection: close
Content-Length: 23329
Cache-Control: max-age=300
Content-Security-Policy: default-src 'none'; style-src 'unsafe-inline'; sandbox
Content-Type: application/zip
ETag: "c69888a4ae59bc5a893392785a938ccd4937981c06ba8a9d6a21aa52b4ab5b6e"
Strict-Transport-Security: max-age=31536000
X-Content-Type-Options: nosniff
X-Frame-Options: deny
X-XSS-Protection: 1; mode=block
X-GitHub-Request-Id: CDE2:3828F5:1646F1E:2DF03F1:6958D0E8
Accept-Ranges: bytes
Date: Sat, 03 Jan 2026 08:18:49 GMT
Via: 1.1 varnish
X-Served-By: cache-del21736-DEL
X-Cache: MISS
X-Cache-Hits: 0
X-Timer: S1767428330.599676,VS0,VE261
Vary: Authorization,Accept-Encoding
Access-Control-Allow-Origin: *
Cross-Origin-Resource-Policy: cross-origin
X-Fastly-Request-ID: 46b3a256f3e052983d7d153487d16fff5649dba8
Expires: Sat, 03 Jan 2026 08:23:49 GMT
Source-Age: 0

]
[2026-01-03 13:48:49,080: INFO: data_ingestion: File extracted to artifacts\data_ingestion]
[2026-01-03 13:48:49,080: INFO: main: >>>>>> Stage Data Ingestion Stage completed <<<<<<

x]
[2026-01-03 13:48:49,080: INFO: main: >>>>>> Stage Data Validation Stage started <<<<<<]
[2026-01-03 13:48:49,083: INFO: common: YAML file loaded successfully: config\config.yaml]
[2026-01-03 13:48:49,084: INFO: common: YAML file loaded successfully: params.yaml]
[2026-01-03 13:48:49,085: INFO: common: YAML file loaded successfully: schema.yaml]
[2026-01-03 13:48:49,085: INFO: common: Directory created at: artifacts]
[2026-01-03 13:48:49,086: INFO: common: Directory created at: artifacts/data_validation]
[2026-01-03 13:48:49,103: INFO: main: >>>>>> Stage Data Validation Stage completed <<<<<<

x]
[2026-01-03 13:48:49,103: INFO: main: >>>>>> Stage Data Transformation stage started <<<<<<]
[2026-01-03 13:48:49,112: INFO: common: YAML file loaded successfully: config\config.yaml]
[2026-01-03 13:48:49,112: INFO: common: YAML file loaded successfully: params.yaml]
[2026-01-03 13:48:49,114: INFO: common: YAML file loaded successfully: schema.yaml]
[2026-01-03 13:48:49,114: INFO: common: Directory created at: artifacts]
[2026-01-03 13:48:49,115: INFO: common: Directory created at: artifacts/data_transformation]
[2026-01-03 13:48:49,132: INFO: data_transformation: Train-test split completed]
[2026-01-03 13:48:49,132: INFO: data_transformation: Train data saved at: artifacts/data_transformation\train.csv | Shape: (1199, 12)]
[2026-01-03 13:48:49,132: INFO: data_transformation: Test data saved at: artifacts/data_transformation\test.csv | Shape: (400, 12)]
[2026-01-03 13:48:49,133: INFO: main: >>>>>> Stage Data Transformation stage completed <<<<<<

x]
[2026-01-03 13:48:49,133: INFO: main: >>>>>> Stage Model  Trainer stage started <<<<<<]
[2026-01-03 13:48:49,136: INFO: common: YAML file loaded successfully: config\config.yaml]
[2026-01-03 13:48:49,137: INFO: common: YAML file loaded successfully: params.yaml]
[2026-01-03 13:48:49,138: INFO: common: YAML file loaded successfully: schema.yaml]
[2026-01-03 13:48:49,139: INFO: common: Directory created at: artifacts]
[2026-01-03 13:48:49,139: INFO: common: Directory created at: artifacts/model_trainer]
[2026-01-03 13:48:49,178: INFO: main: >>>>>> Stage Model  Trainer stage completed <<<<<<

x]
[2026-01-03 15:16:01,693: INFO: common: YAML file loaded successfully: config\config.yaml]
[2026-01-03 15:16:01,705: INFO: common: YAML file loaded successfully: params.yaml]
[2026-01-03 15:16:01,709: INFO: common: YAML file loaded successfully: schema.yaml]
[2026-01-03 15:16:01,712: INFO: common: Directory created at: artifacts]
[2026-01-03 15:16:01,713: INFO: common: Directory created at: artifacts/model_evaluation]
[2026-01-03 15:16:01,742: INFO: common: JSON file saved at: artifacts\model_evaluation\metrics.json]
[2026-01-03 16:50:03,797: INFO: main: >>>>>> Stage Data Ingestion Stage started <<<<<<]
[2026-01-03 16:50:03,813: INFO: common: YAML file loaded successfully: config\config.yaml]
[2026-01-03 16:50:03,831: INFO: common: YAML file loaded successfully: params.yaml]
[2026-01-03 16:50:03,844: INFO: common: YAML file loaded successfully: schema.yaml]
[2026-01-03 16:50:03,845: INFO: common: Directory created at: artifacts]
[2026-01-03 16:50:03,846: INFO: common: Directory created at: artifacts\data_ingestion]
[2026-01-03 16:50:05,700: INFO: data_ingestion: artifacts\data_ingestion\data.zip downloaded! with following info: 
Connection: close
Content-Length: 23329
Cache-Control: max-age=300
Content-Security-Policy: default-src 'none'; style-src 'unsafe-inline'; sandbox
Content-Type: application/zip
ETag: "c69888a4ae59bc5a893392785a938ccd4937981c06ba8a9d6a21aa52b4ab5b6e"
Strict-Transport-Security: max-age=31536000
X-Content-Type-Options: nosniff
X-Frame-Options: deny
X-XSS-Protection: 1; mode=block
X-GitHub-Request-Id: 6776:153264:163C0FD:2E16615:6958FB62
Accept-Ranges: bytes
Date: Sat, 03 Jan 2026 11:20:06 GMT
Via: 1.1 varnish
X-Served-By: cache-del21729-DEL
X-Cache: MISS
X-Cache-Hits: 0
X-Timer: S1767439207.539677,VS0,VE237
Vary: Authorization,Accept-Encoding
Access-Control-Allow-Origin: *
Cross-Origin-Resource-Policy: cross-origin
X-Fastly-Request-ID: a9ec95c1935d1e63dc8d5ffe26ac7ebc959a2e8e
Expires: Sat, 03 Jan 2026 11:25:06 GMT
Source-Age: 0

]
[2026-01-03 16:50:05,717: INFO: data_ingestion: File extracted to artifacts\data_ingestion]
[2026-01-03 16:50:05,718: INFO: main: >>>>>> Stage Data Ingestion Stage completed <<<<<<

x]
[2026-01-03 16:50:05,718: INFO: main: >>>>>> Stage Data Validation Stage started <<<<<<]
[2026-01-03 16:50:05,721: INFO: common: YAML file loaded successfully: config\config.yaml]
[2026-01-03 16:50:05,722: INFO: common: YAML file loaded successfully: params.yaml]
[2026-01-03 16:50:05,724: INFO: common: YAML file loaded successfully: schema.yaml]
[2026-01-03 16:50:05,725: INFO: common: Directory created at: artifacts]
[2026-01-03 16:50:05,725: INFO: common: Directory created at: artifacts/data_validation]
[2026-01-03 16:50:05,745: INFO: main: >>>>>> Stage Data Validation Stage completed <<<<<<

x]
[2026-01-03 16:50:05,745: INFO: main: >>>>>> Stage Data Transformation stage started <<<<<<]
[2026-01-03 16:50:05,756: INFO: common: YAML file loaded successfully: config\config.yaml]
[2026-01-03 16:50:05,756: INFO: common: YAML file loaded successfully: params.yaml]
[2026-01-03 16:50:05,758: INFO: common: YAML file loaded successfully: schema.yaml]
[2026-01-03 16:50:05,759: INFO: common: Directory created at: artifacts]
[2026-01-03 16:50:05,759: INFO: common: Directory created at: artifacts/data_transformation]
[2026-01-03 16:50:05,779: INFO: data_transformation: Train-test split completed]
[2026-01-03 16:50:05,780: INFO: data_transformation: Train data saved at: artifacts/data_transformation\train.csv | Shape: (1199, 12)]
[2026-01-03 16:50:05,780: INFO: data_transformation: Test data saved at: artifacts/data_transformation\test.csv | Shape: (400, 12)]
[2026-01-03 16:50:05,780: INFO: main: >>>>>> Stage Data Transformation stage completed <<<<<<

x]
[2026-01-03 16:50:05,780: INFO: main: >>>>>> Stage Model  Trainer stage started <<<<<<]
[2026-01-03 16:50:05,784: INFO: common: YAML file loaded successfully: config\config.yaml]
[2026-01-03 16:50:05,785: INFO: common: YAML file loaded successfully: params.yaml]
[2026-01-03 16:50:05,786: INFO: common: YAML file loaded successfully: schema.yaml]
[2026-01-03 16:50:05,787: INFO: common: Directory created at: artifacts]
[2026-01-03 16:50:05,787: INFO: common: Directory created at: artifacts/model_trainer]
[2026-01-03 16:50:05,829: INFO: main: >>>>>> Stage Model  Trainer stage completed <<<<<<

x]
[2026-01-03 16:51:14,291: INFO: main: >>>>>> Stage Data Ingestion Stage started <<<<<<]
[2026-01-03 16:51:14,295: INFO: common: YAML file loaded successfully: config\config.yaml]
[2026-01-03 16:51:14,296: INFO: common: YAML file loaded successfully: params.yaml]
[2026-01-03 16:51:14,297: INFO: common: YAML file loaded successfully: schema.yaml]
[2026-01-03 16:51:14,298: INFO: common: Directory created at: artifacts]
[2026-01-03 16:51:14,298: INFO: common: Directory created at: artifacts\data_ingestion]
[2026-01-03 16:51:15,557: INFO: data_ingestion: artifacts\data_ingestion\data.zip downloaded! with following info: 
Connection: close
Content-Length: 23329
Cache-Control: max-age=300
Content-Security-Policy: default-src 'none'; style-src 'unsafe-inline'; sandbox
Content-Type: application/zip
ETag: "c69888a4ae59bc5a893392785a938ccd4937981c06ba8a9d6a21aa52b4ab5b6e"
Strict-Transport-Security: max-age=31536000
X-Content-Type-Options: nosniff
X-Frame-Options: deny
X-XSS-Protection: 1; mode=block
X-GitHub-Request-Id: 6776:153264:163C0FD:2E16615:6958FB62
Accept-Ranges: bytes
Date: Sat, 03 Jan 2026 11:21:16 GMT
Via: 1.1 varnish
X-Served-By: cache-del21725-DEL
X-Cache: HIT
X-Cache-Hits: 0
X-Timer: S1767439277.630450,VS0,VE1
Vary: Authorization,Accept-Encoding
Access-Control-Allow-Origin: *
Cross-Origin-Resource-Policy: cross-origin
X-Fastly-Request-ID: 605aa9f33e39469baa50bd2eee707f4ddd2cb1a3
Expires: Sat, 03 Jan 2026 11:26:16 GMT
Source-Age: 70

]
[2026-01-03 16:51:15,571: INFO: data_ingestion: File extracted to artifacts\data_ingestion]
[2026-01-03 16:51:15,571: INFO: main: >>>>>> Stage Data Ingestion Stage completed <<<<<<

x]
[2026-01-03 16:51:15,571: INFO: main: >>>>>> Stage Data Validation Stage started <<<<<<]
[2026-01-03 16:51:15,575: INFO: common: YAML file loaded successfully: config\config.yaml]
[2026-01-03 16:51:15,575: INFO: common: YAML file loaded successfully: params.yaml]
[2026-01-03 16:51:15,576: INFO: common: YAML file loaded successfully: schema.yaml]
[2026-01-03 16:51:15,577: INFO: common: Directory created at: artifacts]
[2026-01-03 16:51:15,577: INFO: common: Directory created at: artifacts/data_validation]
[2026-01-03 16:51:15,593: INFO: main: >>>>>> Stage Data Validation Stage completed <<<<<<

x]
[2026-01-03 16:51:15,593: INFO: main: >>>>>> Stage Data Transformation stage started <<<<<<]
[2026-01-03 16:51:15,598: INFO: common: YAML file loaded successfully: config\config.yaml]
[2026-01-03 16:51:15,598: INFO: common: YAML file loaded successfully: params.yaml]
[2026-01-03 16:51:15,600: INFO: common: YAML file loaded successfully: schema.yaml]
[2026-01-03 16:51:15,600: INFO: common: Directory created at: artifacts]
[2026-01-03 16:51:15,601: INFO: common: Directory created at: artifacts/data_transformation]
[2026-01-03 16:51:15,618: INFO: data_transformation: Train-test split completed]
[2026-01-03 16:51:15,618: INFO: data_transformation: Train data saved at: artifacts/data_transformation\train.csv | Shape: (1199, 12)]
[2026-01-03 16:51:15,618: INFO: data_transformation: Test data saved at: artifacts/data_transformation\test.csv | Shape: (400, 12)]
[2026-01-03 16:51:15,618: INFO: main: >>>>>> Stage Data Transformation stage completed <<<<<<

x]
[2026-01-03 16:51:15,618: INFO: main: >>>>>> Stage Model  Trainer stage started <<<<<<]
[2026-01-03 16:51:15,622: INFO: common: YAML file loaded successfully: config\config.yaml]
[2026-01-03 16:51:15,622: INFO: common: YAML file loaded successfully: params.yaml]
[2026-01-03 16:51:15,624: INFO: common: YAML file loaded successfully: schema.yaml]
[2026-01-03 16:51:15,624: INFO: common: Directory created at: artifacts]
[2026-01-03 16:51:15,625: INFO: common: Directory created at: artifacts/model_trainer]
[2026-01-03 16:51:15,675: INFO: main: >>>>>> Stage Model  Trainer stage completed <<<<<<

x]
[2026-01-03 16:52:05,271: INFO: common: YAML file loaded successfully: config\config.yaml]
[2026-01-03 16:52:05,275: INFO: common: YAML file loaded successfully: params.yaml]
[2026-01-03 16:52:05,277: INFO: common: YAML file loaded successfully: schema.yaml]
[2026-01-03 16:52:05,279: INFO: common: Directory created at: artifacts]
[2026-01-03 16:52:05,280: INFO: common: Directory created at: artifacts/model_evaluation]
[2026-01-03 16:52:05,344: INFO: common: JSON file saved at: artifacts\model_evaluation\metrics.json]
[2026-01-03 17:08:39,161: INFO: main: >>>>>> Stage Data Ingestion Stage started <<<<<<]
[2026-01-03 17:08:39,165: INFO: common: YAML file loaded successfully: config\config.yaml]
[2026-01-03 17:08:39,166: INFO: common: YAML file loaded successfully: params.yaml]
[2026-01-03 17:08:39,167: INFO: common: YAML file loaded successfully: schema.yaml]
[2026-01-03 17:08:39,168: INFO: common: Directory created at: artifacts]
[2026-01-03 17:08:39,168: INFO: common: Directory created at: artifacts\data_ingestion]
[2026-01-03 17:08:41,052: INFO: data_ingestion: artifacts\data_ingestion\data.zip downloaded! with following info: 
Connection: close
Content-Length: 23329
Cache-Control: max-age=300
Content-Security-Policy: default-src 'none'; style-src 'unsafe-inline'; sandbox
Content-Type: application/zip
ETag: "c69888a4ae59bc5a893392785a938ccd4937981c06ba8a9d6a21aa52b4ab5b6e"
Strict-Transport-Security: max-age=31536000
X-Content-Type-Options: nosniff
X-Frame-Options: deny
X-XSS-Protection: 1; mode=block
X-GitHub-Request-Id: 6776:153264:163C0FD:2E16615:6958FB62
Accept-Ranges: bytes
Date: Sat, 03 Jan 2026 11:38:42 GMT
Via: 1.1 varnish
X-Served-By: cache-del21743-DEL
X-Cache: HIT
X-Cache-Hits: 0
X-Timer: S1767440322.811301,VS0,VE234
Vary: Authorization,Accept-Encoding
Access-Control-Allow-Origin: *
Cross-Origin-Resource-Policy: cross-origin
X-Fastly-Request-ID: 5555413032e9cf49fac5fad30f356d11c6940fe4
Expires: Sat, 03 Jan 2026 11:43:42 GMT
Source-Age: 0

]
[2026-01-03 17:08:41,065: INFO: data_ingestion: File extracted to artifacts\data_ingestion]
[2026-01-03 17:08:41,065: INFO: main: >>>>>> Stage Data Ingestion Stage completed <<<<<<

x]
[2026-01-03 17:08:41,065: INFO: main: >>>>>> Stage Data Validation Stage started <<<<<<]
[2026-01-03 17:08:41,069: INFO: common: YAML file loaded successfully: config\config.yaml]
[2026-01-03 17:08:41,070: INFO: common: YAML file loaded successfully: params.yaml]
[2026-01-03 17:08:41,071: INFO: common: YAML file loaded successfully: schema.yaml]
[2026-01-03 17:08:41,072: INFO: common: Directory created at: artifacts]
[2026-01-03 17:08:41,072: INFO: common: Directory created at: artifacts/data_validation]
[2026-01-03 17:08:41,089: INFO: main: >>>>>> Stage Data Validation Stage completed <<<<<<

x]
[2026-01-03 17:08:41,089: INFO: main: >>>>>> Stage Data Transformation stage started <<<<<<]
[2026-01-03 17:08:41,093: INFO: common: YAML file loaded successfully: config\config.yaml]
[2026-01-03 17:08:41,094: INFO: common: YAML file loaded successfully: params.yaml]
[2026-01-03 17:08:41,096: INFO: common: YAML file loaded successfully: schema.yaml]
[2026-01-03 17:08:41,098: INFO: common: Directory created at: artifacts]
[2026-01-03 17:08:41,098: INFO: common: Directory created at: artifacts/data_transformation]
[2026-01-03 17:08:41,114: INFO: data_transformation: Train-test split completed]
[2026-01-03 17:08:41,114: INFO: data_transformation: Train data saved at: artifacts/data_transformation\train.csv | Shape: (1199, 12)]
[2026-01-03 17:08:41,114: INFO: data_transformation: Test data saved at: artifacts/data_transformation\test.csv | Shape: (400, 12)]
[2026-01-03 17:08:41,115: INFO: main: >>>>>> Stage Data Transformation stage completed <<<<<<

x]
[2026-01-03 17:08:41,115: INFO: main: >>>>>> Stage Model  Trainer stage started <<<<<<]
[2026-01-03 17:08:41,118: INFO: common: YAML file loaded successfully: config\config.yaml]
[2026-01-03 17:08:41,118: INFO: common: YAML file loaded successfully: params.yaml]
[2026-01-03 17:08:41,121: INFO: common: YAML file loaded successfully: schema.yaml]
[2026-01-03 17:08:41,121: INFO: common: Directory created at: artifacts]
[2026-01-03 17:08:41,122: INFO: common: Directory created at: artifacts/model_trainer]
[2026-01-03 17:08:41,162: INFO: main: >>>>>> Stage Model  Trainer stage completed <<<<<<

x]
[2026-01-03 17:08:41,162: INFO: main: >>>>>> Stage Model  Evaluation stage started <<<<<<]
[2026-01-03 17:08:41,165: INFO: common: YAML file loaded successfully: config\config.yaml]
[2026-01-03 17:08:41,166: INFO: common: YAML file loaded successfully: params.yaml]
[2026-01-03 17:08:41,167: INFO: common: YAML file loaded successfully: schema.yaml]
[2026-01-03 17:08:41,168: INFO: common: Directory created at: artifacts]
[2026-01-03 17:08:41,169: INFO: common: Directory created at: artifacts/model_evaluation]
[2026-01-03 17:08:41,175: INFO: common: JSON file saved at: artifacts\model_evaluation\metrics.json]
[2026-01-03 17:08:41,175: INFO: main: >>>>>> Stage Model  Evaluation stage completed <<<<<<

x]
[2026-01-03 17:33:41,783: INFO: _internal: [31m[1mWARNING: This is a development server. Do not use it in a production deployment. Use a production WSGI server instead.[0m
 * Running on all addresses (0.0.0.0)
 * Running on http://127.0.0.1:8080
 * Running on http://10.114.77.146:8080]
[2026-01-03 17:33:41,784: INFO: _internal: [33mPress CTRL+C to quit[0m]
[2026-01-03 17:33:41,785: INFO: _internal:  * Restarting with stat]
[2026-01-03 17:33:42,480: WARNING: _internal:  * Debugger is active!]
[2026-01-03 17:33:42,485: INFO: _internal:  * Debugger PIN: 118-180-751]
[2026-01-03 17:34:42,092: INFO: _internal: 127.0.0.1 - - [03/Jan/2026 17:34:42] "GET / HTTP/1.1" 200 -]
[2026-01-03 17:34:42,262: INFO: _internal: 127.0.0.1 - - [03/Jan/2026 17:34:42] "GET /static/css2/style.css HTTP/1.1" 200 -]
[2026-01-03 17:34:42,263: INFO: _internal: 127.0.0.1 - - [03/Jan/2026 17:34:42] "GET /static/css2/nunito-font.css HTTP/1.1" 200 -]
[2026-01-03 17:34:42,263: INFO: _internal: 127.0.0.1 - - [03/Jan/2026 17:34:42] "GET /static/css/styles.css HTTP/1.1" 200 -]
[2026-01-03 17:34:42,263: INFO: _internal: 127.0.0.1 - - [03/Jan/2026 17:34:42] "GET /static/js/scripts.js HTTP/1.1" 200 -]
[2026-01-03 17:34:44,293: INFO: _internal: 127.0.0.1 - - [03/Jan/2026 17:34:44] "[33mGET /static/assets/img/wine.jpg HTTP/1.1[0m" 404 -]
[2026-01-03 17:34:44,295: INFO: _internal: 127.0.0.1 - - [03/Jan/2026 17:34:44] "GET /static/assets/img/form-v9.jpg HTTP/1.1" 200 -]
[2026-01-03 17:34:44,314: INFO: _internal: 127.0.0.1 - - [03/Jan/2026 17:34:44] "[33mGET /static/fonts/Nunito/Nunito-Bold.ttf HTTP/1.1[0m" 404 -]
[2026-01-03 17:34:44,737: INFO: _internal: 127.0.0.1 - - [03/Jan/2026 17:34:44] "GET /static/assets/favicon.ico HTTP/1.1" 200 -]
[2026-01-03 17:35:14,172: INFO: _internal: 127.0.0.1 - - [03/Jan/2026 17:35:14] "POST /predict HTTP/1.1" 200 -]
[2026-01-03 17:35:14,180: INFO: _internal: 127.0.0.1 - - [03/Jan/2026 17:35:14] "[36mGET /static/css/styles.css HTTP/1.1[0m" 304 -]
[2026-01-03 17:35:14,181: INFO: _internal: 127.0.0.1 - - [03/Jan/2026 17:35:14] "[36mGET /static/js/scripts.js HTTP/1.1[0m" 304 -]
[2026-01-03 17:35:14,193: INFO: _internal: 127.0.0.1 - - [03/Jan/2026 17:35:14] "[33mGET /static/assets/img/wine.gif HTTP/1.1[0m" 404 -]
[2026-01-03 17:37:14,878: INFO: _internal:  * Detected change in 'C:\\Users\\DELL\\OneDrive\\Desktop\\Projects\\Projects\\Machine learning\\Red_wine_project\\src\\Red_Wine_Prediction\\pipeline\\prediction.py', reloading]
[2026-01-03 17:37:15,035: INFO: _internal:  * Restarting with stat]
[2026-01-03 17:37:16,056: WARNING: _internal:  * Debugger is active!]
[2026-01-03 17:37:16,060: INFO: _internal:  * Debugger PIN: 118-180-751]
[2026-01-03 17:37:17,099: INFO: _internal:  * Detected change in 'C:\\Users\\DELL\\OneDrive\\Desktop\\Projects\\Projects\\Machine learning\\Red_wine_project\\src\\Red_Wine_Prediction\\pipeline\\prediction.py', reloading]
[2026-01-03 17:37:17,159: INFO: _internal:  * Restarting with stat]
[2026-01-03 17:37:18,156: WARNING: _internal:  * Debugger is active!]
[2026-01-03 17:37:18,162: INFO: _internal:  * Debugger PIN: 118-180-751]
[2026-01-03 17:37:19,202: INFO: _internal:  * Detected change in 'C:\\Users\\DELL\\OneDrive\\Desktop\\Projects\\Projects\\Machine learning\\Red_wine_project\\src\\Red_Wine_Prediction\\pipeline\\prediction.py', reloading]
[2026-01-03 17:37:19,286: INFO: _internal:  * Restarting with stat]
[2026-01-03 17:37:20,294: WARNING: _internal:  * Debugger is active!]
[2026-01-03 17:37:20,298: INFO: _internal:  * Debugger PIN: 118-180-751]
[2026-01-03 17:37:28,440: INFO: _internal: 127.0.0.1 - - [03/Jan/2026 17:37:28] "GET / HTTP/1.1" 200 -]
[2026-01-03 17:37:28,457: INFO: _internal: 127.0.0.1 - - [03/Jan/2026 17:37:28] "[33mGET /static/assets/img/wine.jpg HTTP/1.1[0m" 404 -]
[2026-01-03 17:37:28,577: INFO: _internal: 127.0.0.1 - - [03/Jan/2026 17:37:28] "[36mGET /static/css/styles.css HTTP/1.1[0m" 304 -]
[2026-01-03 17:37:28,579: INFO: _internal: 127.0.0.1 - - [03/Jan/2026 17:37:28] "[36mGET /static/css2/nunito-font.css HTTP/1.1[0m" 304 -]
[2026-01-03 17:37:28,580: INFO: _internal: 127.0.0.1 - - [03/Jan/2026 17:37:28] "[36mGET /static/css2/style.css HTTP/1.1[0m" 304 -]
[2026-01-03 17:37:28,580: INFO: _internal: 127.0.0.1 - - [03/Jan/2026 17:37:28] "[36mGET /static/js/scripts.js HTTP/1.1[0m" 304 -]
[2026-01-03 17:37:28,587: INFO: _internal: 127.0.0.1 - - [03/Jan/2026 17:37:28] "[36mGET /static/assets/img/form-v9.jpg HTTP/1.1[0m" 304 -]
[2026-01-03 17:37:28,590: INFO: _internal: 127.0.0.1 - - [03/Jan/2026 17:37:28] "[33mGET /static/fonts/Nunito/Nunito-Bold.ttf HTTP/1.1[0m" 404 -]
[2026-01-03 17:37:39,889: INFO: _internal: 127.0.0.1 - - [03/Jan/2026 17:37:39] "POST /predict HTTP/1.1" 200 -]
[2026-01-03 17:37:39,896: INFO: _internal: 127.0.0.1 - - [03/Jan/2026 17:37:39] "[36mGET /static/css/styles.css HTTP/1.1[0m" 304 -]
[2026-01-03 17:37:39,896: INFO: _internal: 127.0.0.1 - - [03/Jan/2026 17:37:39] "[36mGET /static/js/scripts.js HTTP/1.1[0m" 304 -]
[2026-01-03 17:37:39,906: INFO: _internal: 127.0.0.1 - - [03/Jan/2026 17:37:39] "[33mGET /static/assets/img/wine.gif HTTP/1.1[0m" 404 -]
[2026-01-03 17:38:40,543: INFO: _internal: 127.0.0.1 - - [03/Jan/2026 17:38:40] "GET / HTTP/1.1" 200 -]
[2026-01-03 17:38:40,550: INFO: _internal: 127.0.0.1 - - [03/Jan/2026 17:38:40] "[36mGET /static/css/styles.css HTTP/1.1[0m" 304 -]
[2026-01-03 17:38:40,551: INFO: _internal: 127.0.0.1 - - [03/Jan/2026 17:38:40] "[36mGET /static/css2/nunito-font.css HTTP/1.1[0m" 304 -]
[2026-01-03 17:38:40,554: INFO: _internal: 127.0.0.1 - - [03/Jan/2026 17:38:40] "[36mGET /static/css2/style.css HTTP/1.1[0m" 304 -]
[2026-01-03 17:38:40,556: INFO: _internal: 127.0.0.1 - - [03/Jan/2026 17:38:40] "[36mGET /static/js/scripts.js HTTP/1.1[0m" 304 -]
[2026-01-03 17:38:40,559: INFO: _internal: 127.0.0.1 - - [03/Jan/2026 17:38:40] "[33mGET /static/assets/img/wine.jpg HTTP/1.1[0m" 404 -]
[2026-01-03 17:38:40,563: INFO: _internal: 127.0.0.1 - - [03/Jan/2026 17:38:40] "[36mGET /static/assets/img/form-v9.jpg HTTP/1.1[0m" 304 -]
[2026-01-03 17:38:40,565: INFO: _internal: 127.0.0.1 - - [03/Jan/2026 17:38:40] "[33mGET /static/fonts/Nunito/Nunito-Bold.ttf HTTP/1.1[0m" 404 -]
[2026-01-03 20:00:52,391: INFO: common: YAML file loaded successfully: config\config.yaml]
[2026-01-03 20:00:52,394: INFO: common: YAML file loaded successfully: params.yaml]
[2026-01-03 20:00:52,397: INFO: common: YAML file loaded successfully: schema.yaml]
[2026-01-03 20:00:52,399: INFO: common: Directory created at: artifacts]
[2026-01-03 20:00:52,400: INFO: common: Directory created at: artifacts/data_transformation]
[2026-01-03 20:00:52,422: INFO: 3010335155: Splitted data  into training and testing sets]
[2026-01-03 20:00:52,423: INFO: 3010335155: (1199, 12)]
[2026-01-03 20:00:52,424: INFO: 3010335155: (400, 12)]
[2026-01-03 21:10:52,396: INFO: main: >>>>>> Stage Data Ingestion Stage started <<<<<<]
[2026-01-03 21:10:52,401: INFO: common: YAML file loaded successfully: config\config.yaml]
[2026-01-03 21:10:52,401: INFO: common: YAML file loaded successfully: params.yaml]
[2026-01-03 21:10:52,402: INFO: common: YAML file loaded successfully: schema.yaml]
[2026-01-03 21:10:52,403: INFO: common: Directory created at: artifacts]
[2026-01-03 21:10:52,403: INFO: common: Directory created at: artifacts\data_ingestion]
[2026-01-03 21:10:54,190: INFO: data_ingestion: artifacts\data_ingestion\data.zip downloaded! with following info: 
Connection: close
Content-Length: 23329
Cache-Control: max-age=300
Content-Security-Policy: default-src 'none'; style-src 'unsafe-inline'; sandbox
Content-Type: application/zip
ETag: "c69888a4ae59bc5a893392785a938ccd4937981c06ba8a9d6a21aa52b4ab5b6e"
Strict-Transport-Security: max-age=31536000
X-Content-Type-Options: nosniff
X-Frame-Options: deny
X-XSS-Protection: 1; mode=block
X-GitHub-Request-Id: F28D:153264:168CDF9:2EC53B2:69593887
Accept-Ranges: bytes
Date: Sat, 03 Jan 2026 15:40:55 GMT
Via: 1.1 varnish
X-Served-By: cache-del21745-DEL
X-Cache: MISS
X-Cache-Hits: 0
X-Timer: S1767454855.405702,VS0,VE261
Vary: Authorization,Accept-Encoding
Access-Control-Allow-Origin: *
Cross-Origin-Resource-Policy: cross-origin
X-Fastly-Request-ID: b6bd23aa8713d442672cd18454d02d4d95b7ca6e
Expires: Sat, 03 Jan 2026 15:45:55 GMT
Source-Age: 0

]
[2026-01-03 21:10:54,211: INFO: data_ingestion: File extracted to artifacts\data_ingestion]
[2026-01-03 21:10:54,211: INFO: main: >>>>>> Stage Data Ingestion Stage completed <<<<<<

x]
[2026-01-03 21:10:54,211: INFO: main: >>>>>> Stage Data Validation Stage started <<<<<<]
[2026-01-03 21:10:54,215: INFO: common: YAML file loaded successfully: config\config.yaml]
[2026-01-03 21:10:54,215: INFO: common: YAML file loaded successfully: params.yaml]
[2026-01-03 21:10:54,217: INFO: common: YAML file loaded successfully: schema.yaml]
[2026-01-03 21:10:54,217: INFO: common: Directory created at: artifacts]
[2026-01-03 21:10:54,218: INFO: common: Directory created at: artifacts/data_validation]
[2026-01-03 21:10:54,235: INFO: main: >>>>>> Stage Data Validation Stage completed <<<<<<

x]
[2026-01-03 21:10:54,235: INFO: main: >>>>>> Stage Data Transformation stage started <<<<<<]
[2026-01-03 21:10:54,240: INFO: common: YAML file loaded successfully: config\config.yaml]
[2026-01-03 21:10:54,240: INFO: common: YAML file loaded successfully: params.yaml]
[2026-01-03 21:10:54,242: INFO: common: YAML file loaded successfully: schema.yaml]
[2026-01-03 21:10:54,242: INFO: common: Directory created at: artifacts]
[2026-01-03 21:10:54,243: INFO: common: Directory created at: artifacts/data_transformation]
[2026-01-03 21:10:54,257: INFO: data_transformation: Train-test split completed]
[2026-01-03 21:10:54,257: INFO: data_transformation: Train data saved at: artifacts/data_transformation\train.csv | Shape: (1199, 12)]
[2026-01-03 21:10:54,257: INFO: data_transformation: Test data saved at: artifacts/data_transformation\test.csv | Shape: (400, 12)]
[2026-01-03 21:10:54,257: INFO: main: >>>>>> Stage Data Transformation stage completed <<<<<<

x]
[2026-01-03 21:10:54,257: INFO: main: >>>>>> Stage Model  Trainer stage started <<<<<<]
[2026-01-03 21:10:54,261: INFO: common: YAML file loaded successfully: config\config.yaml]
[2026-01-03 21:10:54,262: INFO: common: YAML file loaded successfully: params.yaml]
[2026-01-03 21:10:54,263: INFO: common: YAML file loaded successfully: schema.yaml]
[2026-01-03 21:10:54,263: INFO: common: Directory created at: artifacts]
[2026-01-03 21:10:54,264: INFO: common: Directory created at: artifacts/model_trainer]
[2026-01-03 21:10:54,306: INFO: main: >>>>>> Stage Model  Trainer stage completed <<<<<<

x]
[2026-01-03 21:10:54,306: INFO: main: >>>>>> Stage Model  Evaluation stage started <<<<<<]
[2026-01-03 21:10:54,309: INFO: common: YAML file loaded successfully: config\config.yaml]
[2026-01-03 21:10:54,310: INFO: common: YAML file loaded successfully: params.yaml]
[2026-01-03 21:10:54,311: INFO: common: YAML file loaded successfully: schema.yaml]
[2026-01-03 21:10:54,312: INFO: common: Directory created at: artifacts]
[2026-01-03 21:10:54,312: INFO: common: Directory created at: artifacts/model_evaluation]
[2026-01-03 21:10:54,339: INFO: common: JSON file saved at: artifacts\model_evaluation\metrics.json]
[2026-01-03 21:10:54,339: INFO: main: >>>>>> Stage Model  Evaluation stage completed <<<<<<

x]
[2026-01-03 21:18:28,766: INFO: main: >>>>>> Stage Data Ingestion Stage started <<<<<<]
[2026-01-03 21:18:28,770: INFO: common: YAML file loaded successfully: config\config.yaml]
[2026-01-03 21:18:28,772: INFO: common: YAML file loaded successfully: params.yaml]
[2026-01-03 21:18:28,774: INFO: common: YAML file loaded successfully: schema.yaml]
[2026-01-03 21:18:28,775: INFO: common: Directory created at: artifacts]
[2026-01-03 21:18:28,775: INFO: common: Directory created at: artifacts\data_ingestion]
[2026-01-03 21:18:30,469: INFO: data_ingestion: artifacts\data_ingestion\data.zip downloaded! with following info: 
Connection: close
Content-Length: 23329
Cache-Control: max-age=300
Content-Security-Policy: default-src 'none'; style-src 'unsafe-inline'; sandbox
Content-Type: application/zip
ETag: "c69888a4ae59bc5a893392785a938ccd4937981c06ba8a9d6a21aa52b4ab5b6e"
Strict-Transport-Security: max-age=31536000
X-Content-Type-Options: nosniff
X-Frame-Options: deny
X-XSS-Protection: 1; mode=block
X-GitHub-Request-Id: F28D:153264:168CDF9:2EC53B2:69593887
Accept-Ranges: bytes
Date: Sat, 03 Jan 2026 15:48:31 GMT
Via: 1.1 varnish
X-Served-By: cache-del21723-DEL
X-Cache: HIT
X-Cache-Hits: 0
X-Timer: S1767455312.723229,VS0,VE234
Vary: Authorization,Accept-Encoding
Access-Control-Allow-Origin: *
Cross-Origin-Resource-Policy: cross-origin
X-Fastly-Request-ID: f0ebb29f4cea5a3685bc3acf1b07a3a6744e99ab
Expires: Sat, 03 Jan 2026 15:53:31 GMT
Source-Age: 0

]
[2026-01-03 21:18:30,493: INFO: data_ingestion: File extracted to artifacts\data_ingestion]
[2026-01-03 21:18:30,493: INFO: main: >>>>>> Stage Data Ingestion Stage completed <<<<<<

x]
[2026-01-03 21:18:30,493: INFO: main: >>>>>> Stage Data Validation Stage started <<<<<<]
[2026-01-03 21:18:30,497: INFO: common: YAML file loaded successfully: config\config.yaml]
[2026-01-03 21:18:30,497: INFO: common: YAML file loaded successfully: params.yaml]
[2026-01-03 21:18:30,499: INFO: common: YAML file loaded successfully: schema.yaml]
[2026-01-03 21:18:30,499: INFO: common: Directory created at: artifacts]
[2026-01-03 21:18:30,500: INFO: common: Directory created at: artifacts/data_validation]
[2026-01-03 21:18:30,524: INFO: main: >>>>>> Stage Data Validation Stage completed <<<<<<

x]
[2026-01-03 21:18:30,524: INFO: main: >>>>>> Stage Data Transformation stage started <<<<<<]
[2026-01-03 21:18:30,528: INFO: common: YAML file loaded successfully: config\config.yaml]
[2026-01-03 21:18:30,529: INFO: common: YAML file loaded successfully: params.yaml]
[2026-01-03 21:18:30,531: INFO: common: YAML file loaded successfully: schema.yaml]
[2026-01-03 21:18:30,532: INFO: common: Directory created at: artifacts]
[2026-01-03 21:18:30,532: INFO: common: Directory created at: artifacts/data_transformation]
[2026-01-03 21:18:30,535: INFO: data_transformation: Data loaded successfully]
[2026-01-03 21:18:30,539: INFO: data_transformation: Feature engineering completed]
[2026-01-03 21:18:30,573: INFO: data_transformation: Train-test split completed]
[2026-01-03 21:18:30,573: INFO: data_transformation: Train shape: (1199, 18)]
[2026-01-03 21:18:30,573: INFO: data_transformation: Test shape: (400, 18)]
[2026-01-03 21:18:30,574: INFO: data_transformation: Scaler saved at: artifacts/data_transformation\scaler.joblib]
[2026-01-03 21:18:30,574: INFO: main: >>>>>> Stage Data Transformation stage completed <<<<<<

x]
[2026-01-03 21:18:30,574: INFO: main: >>>>>> Stage Model  Trainer stage started <<<<<<]
[2026-01-03 21:18:30,577: INFO: common: YAML file loaded successfully: config\config.yaml]
[2026-01-03 21:18:30,578: INFO: common: YAML file loaded successfully: params.yaml]
[2026-01-03 21:18:30,580: INFO: common: YAML file loaded successfully: schema.yaml]
[2026-01-03 21:18:30,580: INFO: common: Directory created at: artifacts]
[2026-01-03 21:18:30,581: INFO: common: Directory created at: artifacts/model_trainer]
[2026-01-03 21:18:30,647: INFO: main: >>>>>> Stage Model  Trainer stage completed <<<<<<

x]
[2026-01-03 21:18:30,647: INFO: main: >>>>>> Stage Model  Evaluation stage started <<<<<<]
[2026-01-03 21:18:30,650: INFO: common: YAML file loaded successfully: config\config.yaml]
[2026-01-03 21:18:30,651: INFO: common: YAML file loaded successfully: params.yaml]
[2026-01-03 21:18:30,652: INFO: common: YAML file loaded successfully: schema.yaml]
[2026-01-03 21:18:30,653: INFO: common: Directory created at: artifacts]
[2026-01-03 21:18:30,653: INFO: common: Directory created at: artifacts/model_evaluation]
[2026-01-03 21:18:30,674: INFO: common: JSON file saved at: artifacts\model_evaluation\metrics.json]
[2026-01-03 21:18:30,674: INFO: main: >>>>>> Stage Model  Evaluation stage completed <<<<<<

x]
[2026-01-03 21:24:31,728: INFO: common: YAML file loaded successfully: config\config.yaml]
[2026-01-03 21:24:31,730: INFO: common: YAML file loaded successfully: params.yaml]
[2026-01-03 21:24:31,732: INFO: common: YAML file loaded successfully: schema.yaml]
[2026-01-03 21:24:31,734: INFO: common: Directory created at: artifacts]
[2026-01-03 21:24:31,735: INFO: common: Directory created at: artifacts/model_trainer]
[2026-01-03 21:24:31,746: INFO: 4122678854: Training and test data loaded]
[2026-01-03 21:24:35,788: INFO: 4122678854: Best parameters found: {'l1_ratio': 0.1, 'alpha': 0.001}]
[2026-01-03 21:37:08,266: INFO: _internal: [31m[1mWARNING: This is a development server. Do not use it in a production deployment. Use a production WSGI server instead.[0m
 * Running on all addresses (0.0.0.0)
 * Running on http://127.0.0.1:8080
 * Running on http://10.114.77.146:8080]
[2026-01-03 21:37:08,266: INFO: _internal: [33mPress CTRL+C to quit[0m]
[2026-01-03 21:37:08,268: INFO: _internal:  * Restarting with stat]
[2026-01-03 21:37:08,950: WARNING: _internal:  * Debugger is active!]
[2026-01-03 21:37:08,953: INFO: _internal:  * Debugger PIN: 118-180-751]
[2026-01-03 21:37:16,579: INFO: _internal: 127.0.0.1 - - [03/Jan/2026 21:37:16] "GET / HTTP/1.1" 200 -]
[2026-01-03 21:37:16,822: INFO: _internal: 127.0.0.1 - - [03/Jan/2026 21:37:16] "[36mGET /static/css/styles.css HTTP/1.1[0m" 304 -]
[2026-01-03 21:37:16,825: INFO: _internal: 127.0.0.1 - - [03/Jan/2026 21:37:16] "[36mGET /static/css2/nunito-font.css HTTP/1.1[0m" 304 -]
[2026-01-03 21:37:16,835: INFO: _internal: 127.0.0.1 - - [03/Jan/2026 21:37:16] "[36mGET /static/css2/style.css HTTP/1.1[0m" 304 -]
[2026-01-03 21:37:16,835: INFO: _internal: 127.0.0.1 - - [03/Jan/2026 21:37:16] "[33mGET /static/assets/img/wine.jpg HTTP/1.1[0m" 404 -]
[2026-01-03 21:37:16,867: INFO: _internal: 127.0.0.1 - - [03/Jan/2026 21:37:16] "[36mGET /static/assets/img/form-v9.jpg HTTP/1.1[0m" 304 -]
[2026-01-03 21:37:16,877: INFO: _internal: 127.0.0.1 - - [03/Jan/2026 21:37:16] "[33mGET /static/fonts/Nunito/Nunito-Bold.ttf HTTP/1.1[0m" 404 -]
[2026-01-03 21:37:16,892: INFO: _internal: 127.0.0.1 - - [03/Jan/2026 21:37:16] "[36mGET /static/js/scripts.js HTTP/1.1[0m" 304 -]
